<?xml version="1.0" encoding="UTF-8"?>
<!-- Generated by org.testng.reporters.JUnitXMLReporter -->
<testsuite ignored="0" hostname="IBM-JGL8QM3" failures="0" tests="4" name="Login Page Test" time="9.539" errors="0" timestamp="2025-08-23T05:54:39 IST">
  <testcase classname="com.qa.opencart.tests.LoginPageTest" name="forgotPwdLinkExistTest" time="0.073"/>
  <testcase classname="com.qa.opencart.tests.LoginPageTest" name="loginPageTitleTest" time="0.035"/>
  <testcase classname="com.qa.opencart.tests.LoginPageTest" name="loginPageUrlTest" time="0.018"/>
  <testcase classname="com.qa.opencart.tests.LoginPageTest" name="doLoginTest" time="0.969"/>
</testsuite> <!-- Login Page Test -->
