<?xml version="1.0" encoding="UTF-8"?>
<!-- Generated by org.testng.reporters.JUnitXMLReporter -->
<testsuite ignored="0" hostname="IBM-JGL8QM3" failures="0" tests="3" name="Register Page Test" time="19.726" errors="0" timestamp="2025-08-23T05:55:47 IST">
  <testcase classname="com.qa.opencart.tests.RegisterPageTest" name="userRegisterTest" time="3.693"/>
  <testcase classname="com.qa.opencart.tests.RegisterPageTest" name="userRegisterTest" time="3.942"/>
  <testcase classname="com.qa.opencart.tests.RegisterPageTest" name="userRegisterTest" time="3.543"/>
</testsuite> <!-- Register Page Test -->
