<?xml version="1.0" encoding="UTF-8"?>
<!-- Generated by org.testng.reporters.JUnitXMLReporter -->
<testsuite ignored="0" hostname="IBM-JGL8QM3" failures="0" tests="3" name="Accounts Page Test_chrome" time="8.102" errors="0" timestamp="2025-09-10T20:48:26 IST">
  <testcase classname="com.qa.opencart.tests.AccountsPageTest" name="accPageHeadersTest" time="0.42"/>
  <testcase classname="com.qa.opencart.tests.AccountsPageTest" name="accPageTitleTest" time="0.032"/>
  <testcase classname="com.qa.opencart.tests.AccountsPageTest" name="accPageURLTest" time="0.039"/>
</testsuite> <!-- Accounts Page Test_chrome -->
