<?xml version="1.0" encoding="UTF-8"?>
<!-- Generated by org.testng.reporters.JUnitXMLReporter -->
<testsuite ignored="0" hostname="IBM-JGL8QM3" failures="0" tests="4" name="Login Page Test_chrome" time="9.094" errors="0" timestamp="2025-08-23T07:28:42 IST">
  <testcase classname="com.qa.opencart.tests.LoginPageTest" name="forgotPwdLinkExistTest" time="0.144"/>
  <testcase classname="com.qa.opencart.tests.LoginPageTest" name="loginPageTitleTest" time="0.028"/>
  <testcase classname="com.qa.opencart.tests.LoginPageTest" name="loginPageUrlTest" time="0.02"/>
  <testcase classname="com.qa.opencart.tests.LoginPageTest" name="doLoginTest" time="1.14"/>
</testsuite> <!-- Login Page Test_chrome -->
